m1001_samples_meth_status_mCG_density_NS_SRX445888.tsv
SRX445888
NS

m1001_samples_meth_status_mCG_density_NS_SRX1664520.tsv
SRX1664520
NS

m1001_samples_meth_status_mCG_density_NS_SRX1664563.tsv
SRX1664563
NS

m1001_samples_meth_status_mCG_density_NS_SRX445924.tsv
SRX445924
NS

m1001_samples_meth_status_mCG_density_NS_SRX445990.tsv
SRX445990
NS

m1001_samples_meth_status_mCG_density_NS_SRX445925.tsv
SRX445925
NS

m1001_samples_meth_status_mCG_density_NS_SRX445988.tsv
SRX445988
NS

m1001_samples_meth_status_mCG_density_NS_SRX446101.tsv
SRX446101
NS

m1001_samples_meth_status_mCG_density_NS_SRX445883.tsv
SRX445883
NS

m1001_samples_meth_status_mCG_density_NS_SRX1664554.tsv
SRX1664554
NS

m1001_samples_meth_status_mCG_density_NS_SRX2190776.tsv
SRX2190776
NS

m1001_samples_meth_status_mCG_density_NS_SRX445897.tsv
SRX445897
NS

m1001_samples_meth_status_mCG_density_NS_SRX445919.tsv
SRX445919
NS

m1001_samples_meth_status_mCG_density_NS_SRX1664551.tsv
SRX1664551
NS

m1001_samples_meth_status_mCG_density_NS_SRX446041.tsv
SRX446041
NS

m1001_samples_meth_status_mCG_density_NS_SRX445902.tsv
SRX445902
NS

m1001_samples_meth_status_mCG_density_NS_SRX446019.tsv
SRX446019
NS

m1001_samples_meth_status_mCG_density_NS_SRX445905.tsv
SRX445905
NS

m1001_samples_meth_status_mCG_density_NS_SRX446051.tsv
SRX446051
NS

m1001_samples_meth_status_mCG_density_NS_SRX1664533.tsv
SRX1664533
NS

m1001_samples_meth_status_mCG_density_NS_SRX1664537.tsv
SRX1664537
NS

m1001_samples_meth_status_mCG_density_NS_SRX445993.tsv
SRX445993
NS

m1001_samples_meth_status_mCG_density_NS_SRX1664552.tsv
SRX1664552
NS

m1001_samples_meth_status_mCG_density_NS_SRX1664581.tsv
SRX1664581
NS

m1001_samples_meth_status_mCG_density_NS_SRX1664562.tsv
SRX1664562
NS

m1001_samples_meth_status_mCG_density_NS_SRX446017.tsv
SRX446017
NS

m1001_samples_meth_status_mCG_density_NS_SRX1664564.tsv
SRX1664564
NS

m1001_samples_meth_status_mCG_density_NS_SRX446098.tsv
SRX446098
NS

m1001_samples_meth_status_mCG_density_NS_SRX445927.tsv
SRX445927
NS

m1001_samples_meth_status_mCG_density_NS_SRX1664557.tsv
SRX1664557
NS

m1001_samples_meth_status_mCG_density_NS_SRX446114.tsv
SRX446114
NS

m1001_samples_meth_status_mCG_density_NS_SRX446043.tsv
SRX446043
NS

m1001_samples_meth_status_mCG_density_NS_SRX1664577.tsv
SRX1664577
NS

m1001_samples_meth_status_mCG_density_NS_SRX445909.tsv
SRX445909
NS

m1001_samples_meth_status_mCG_density_NS_SRX248744.tsv
SRX248744
NS

m1001_samples_meth_status_mCG_density_NS_SRX446021.tsv
SRX446021
NS

m1001_samples_meth_status_mCG_density_NS_SRX2190754.tsv
SRX2190754
NS

m1001_samples_meth_status_mCG_density_NS_SRX446023.tsv
SRX446023
NS

m1001_samples_meth_status_mCG_density_NS_SRX1664732.tsv
SRX1664732
NS

m1001_samples_meth_status_mCG_density_NS_SRX1664724.tsv
SRX1664724
NS

m1001_samples_meth_status_mCG_density_NS_SRX1664722.tsv
SRX1664722
NS

m1001_samples_meth_status_mCG_density_NS_SRX445997.tsv
SRX445997
NS

m1001_samples_meth_status_mCG_density_NS_SRX1664553.tsv
SRX1664553
NS

m1001_samples_meth_status_mCG_density_NS_SRX1664725.tsv
SRX1664725
NS

m1001_samples_meth_status_mCG_density_NS_SRX446084.tsv
SRX446084
NS

m1001_samples_meth_status_mCG_density_NS_SRX1664529.tsv
SRX1664529
NS

m1001_samples_meth_status_mCG_density_NS_SRX445922.tsv
SRX445922
NS

m1001_samples_meth_status_mCG_density_NS_SRX446014.tsv
SRX446014
NS

m1001_samples_meth_status_mCG_density_NS_SRX445882.tsv
SRX445882
NS

m1001_samples_meth_status_mCG_density_NS_SRX1664556.tsv
SRX1664556
NS

m1001_samples_meth_status_mCG_density_NS_SRX1664528.tsv
SRX1664528
NS

m1001_samples_meth_status_mCG_density_NS_SRX446141.tsv
SRX446141
NS

           Decile
Code             
SRX445888      NS
SRX1664520     NS
SRX1664563     NS
SRX445924      NS
SRX445990      NS
SRX445925      NS
SRX445988      NS
SRX446101      NS
SRX445883      NS
SRX1664554     NS
SRX2190776     NS
SRX445897      NS
SRX445919      NS
SRX1664551     NS
SRX446041      NS
SRX445902      NS
SRX446019      NS
SRX445905      NS
SRX446051      NS
SRX1664533     NS
SRX1664537     NS
SRX445993      NS
SRX1664552     NS
SRX1664581     NS
SRX1664562     NS
SRX446017      NS
SRX1664564     NS
SRX446098      NS
SRX445927      NS
SRX1664557     NS
SRX446114      NS
SRX446043      NS
SRX1664577     NS
SRX445909      NS
SRX248744      NS
SRX446021      NS
SRX2190754     NS
SRX446023      NS
SRX1664732     NS
SRX1664724     NS
SRX1664722     NS
SRX445997      NS
SRX1664553     NS
SRX1664725     NS
SRX446084      NS
SRX1664529     NS
SRX445922      NS
SRX446014      NS
SRX445882      NS
SRX1664556     NS
SRX1664528     NS
SRX446141      NS
14 yes!!!! NS NS
15 yes!!!! NS NS
16 yes!!!! NS NS
17 yes!!!! NS NS
18 yes!!!! NS NS
19 yes!!!! NS NS
20 yes!!!! NS NS
21 yes!!!! NS NS
22 yes!!!! NS NS
23 yes!!!! NS NS
24 yes!!!! NS NS
25 yes!!!! NS NS
26 yes!!!! NS NS
27 yes!!!! NS NS
28 yes!!!! NS NS
29 yes!!!! NS NS
30 yes!!!! NS NS
31 yes!!!! NS NS
32 yes!!!! NS NS
33 yes!!!! NS NS
34 yes!!!! NS NS
35 yes!!!! NS NS
36 yes!!!! NS NS
37 yes!!!! NS NS
38 yes!!!! NS NS
39 yes!!!! NS NS
40 yes!!!! NS NS
41 yes!!!! NS NS
42 yes!!!! NS NS
43 yes!!!! NS NS
47 yes!!!! NS NS
48 yes!!!! NS NS
49 yes!!!! NS NS
50 yes!!!! NS NS
already have
['SRX445888', 'SRX1664520', 'SRX1664563', 'SRX445924', 'SRX445990', 'SRX445925', 'SRX445988', 'SRX446101', 'SRX445883', 'SRX1664554', 'SRX2190776', 'SRX445897', 'SRX445919', 'SRX1664551', 'SRX446041', 'SRX445902', 'SRX446019', 'SRX445905', 'SRX446051', 'SRX1664533', 'SRX1664537', 'SRX445993', 'SRX1664552', 'SRX1664581', 'SRX1664562', 'SRX446017', 'SRX1664564', 'SRX446098', 'SRX445927', 'SRX1664557', 'SRX446114', 'SRX446043', 'SRX1664577', 'SRX445909', 'SRX248744', 'SRX446021', 'SRX2190754', 'SRX446023', 'SRX1664732', 'SRX1664724', 'SRX1664722', 'SRX445997', 'SRX1664553', 'SRX1664725', 'SRX446084', 'SRX1664529', 'SRX445922', 'SRX446014', 'SRX445882', 'SRX1664556', 'SRX1664528', 'SRX446141']

will use
['m1001_samples_meth_status_mCG_density_NS_SRX446098.tsv', 'm1001_samples_meth_status_mCG_density_NS_SRX446023.tsv', 'm1001_samples_meth_status_mCG_density_NS_SRX445988.tsv', 'm1001_samples_meth_status_mCG_density_NS_SRX445902.tsv', 'm1001_samples_meth_status_mCG_density_NS_SRX446051.tsv', 'm1001_samples_meth_status_mCG_density_NS_SRX446019.tsv', 'm1001_samples_meth_status_mCG_density_NS_SRX446141.tsv', 'm1001_samples_meth_status_mCG_density_NS_SRX446101.tsv', 'm1001_samples_meth_status_mCG_density_NS_SRX1664556.tsv', 'm1001_samples_meth_status_mCG_density_NS_SRX446017.tsv', 'm1001_samples_meth_status_mCG_density_NS_SRX446021.tsv', 'm1001_samples_meth_status_mCG_density_NS_SRX1664529.tsv', 'm1001_samples_meth_status_mCG_density_NS_SRX2190776.tsv', 'm1001_samples_meth_status_mCG_density_NS_SRX1664528.tsv', 'm1001_samples_meth_status_mCG_density_NS_SRX1664581.tsv', 'm1001_samples_meth_status_mCG_density_NS_SRX2190754.tsv', 'm1001_samples_meth_status_mCG_density_NS_SRX1664725.tsv', 'm1001_samples_meth_status_mCG_density_NS_SRX1664554.tsv', 'm1001_samples_meth_status_mCG_density_NS_SRX1664552.tsv', 'm1001_samples_meth_status_mCG_density_NS_SRX1664563.tsv', 'm1001_samples_meth_status_mCG_density_NS_SRX1664724.tsv', 'm1001_samples_meth_status_mCG_density_NS_SRX1664562.tsv', 'm1001_samples_meth_status_mCG_density_NS_SRX1664557.tsv', 'm1001_samples_meth_status_mCG_density_NS_SRX1664533.tsv', 'm1001_samples_meth_status_mCG_density_NS_SRX1664722.tsv', 'm1001_samples_meth_status_mCG_density_NS_SRX1664564.tsv', 'm1001_samples_meth_status_mCG_density_NS_SRX1664553.tsv', 'm1001_samples_meth_status_mCG_density_NS_SRX1664537.tsv', 'm1001_samples_meth_status_mCG_density_NS_SRX1664551.tsv', 'm1001_samples_meth_status_mCG_density_NS_SRX1664732.tsv', 'm1001_samples_meth_status_mCG_density_NS_SRX445909.tsv', 'm1001_samples_meth_status_mCG_density_NS_SRX445883.tsv', 'm1001_samples_meth_status_mCG_density_NS_SRX1664577.tsv', 'm1001_samples_meth_status_mCG_density_NS_SRX1664520.tsv']

missing
[]

['NS', 'NS', 'NS', 'NS', 'NS', 'NS', 'NS', 'NS', 'NS', 'NS', 'NS', 'NS', 'NS', 'NS', 'NS', 'NS', 'NS', 'NS', 'NS', 'NS', 'NS', 'NS', 'NS', 'NS', 'NS', 'NS', 'NS', 'NS', 'NS', 'NS', 'NS', 'NS', 'NS', 'NS', 'NS', 'NS', 'NS', 'NS', 'NS', 'NS', 'NS', 'NS', 'NS', 'NS', 'NS', 'NS', 'NS', 'NS', 'NS', 'NS', 'NS', 'NS']
['m1001_samples_meth_status_mCG_density_NS_SRX446098.tsv']
['m1001_samples_meth_status_mCG_density_NS_SRX446023.tsv']
['m1001_samples_meth_status_mCG_density_NS_SRX445988.tsv']
['m1001_samples_meth_status_mCG_density_NS_SRX445902.tsv']
['m1001_samples_meth_status_mCG_density_NS_SRX446051.tsv']
['m1001_samples_meth_status_mCG_density_NS_SRX446019.tsv']
['m1001_samples_meth_status_mCG_density_NS_SRX446141.tsv']
['m1001_samples_meth_status_mCG_density_NS_SRX446101.tsv']
['m1001_samples_meth_status_mCG_density_NS_SRX1664556.tsv']
['m1001_samples_meth_status_mCG_density_NS_SRX446017.tsv']
['m1001_samples_meth_status_mCG_density_NS_SRX446021.tsv']
['m1001_samples_meth_status_mCG_density_NS_SRX1664529.tsv']
['m1001_samples_meth_status_mCG_density_NS_SRX2190776.tsv']
['m1001_samples_meth_status_mCG_density_NS_SRX1664528.tsv']
['m1001_samples_meth_status_mCG_density_NS_SRX1664581.tsv']
['m1001_samples_meth_status_mCG_density_NS_SRX2190754.tsv']
['m1001_samples_meth_status_mCG_density_NS_SRX1664725.tsv']
['m1001_samples_meth_status_mCG_density_NS_SRX1664554.tsv']
['m1001_samples_meth_status_mCG_density_NS_SRX1664552.tsv']
['m1001_samples_meth_status_mCG_density_NS_SRX1664563.tsv']
['m1001_samples_meth_status_mCG_density_NS_SRX1664724.tsv']
['m1001_samples_meth_status_mCG_density_NS_SRX1664562.tsv']
['m1001_samples_meth_status_mCG_density_NS_SRX1664557.tsv']
['m1001_samples_meth_status_mCG_density_NS_SRX1664533.tsv']
['m1001_samples_meth_status_mCG_density_NS_SRX1664722.tsv']
['m1001_samples_meth_status_mCG_density_NS_SRX1664564.tsv']
['m1001_samples_meth_status_mCG_density_NS_SRX1664553.tsv']
['m1001_samples_meth_status_mCG_density_NS_SRX1664537.tsv']
['m1001_samples_meth_status_mCG_density_NS_SRX1664551.tsv']
['m1001_samples_meth_status_mCG_density_NS_SRX1664732.tsv']
['m1001_samples_meth_status_mCG_density_NS_SRX445909.tsv']
['m1001_samples_meth_status_mCG_density_NS_SRX445883.tsv']
['m1001_samples_meth_status_mCG_density_NS_SRX1664577.tsv']
['m1001_samples_meth_status_mCG_density_NS_SRX1664520.tsv']


                                                   0
0  m1001_samples_meth_status_mCG_density_NS_SRX44...
1  m1001_samples_meth_status_mCG_density_NS_SRX44...
2  m1001_samples_meth_status_mCG_density_NS_SRX44...
3  m1001_samples_meth_status_mCG_density_NS_SRX44...
4  m1001_samples_meth_status_mCG_density_NS_SRX44...
['m1001_samples_meth_status_mCG_density_NS_SRX446098.tsv', 'm1001_samples_meth_status_mCG_density_NS_SRX446023.tsv', 'm1001_samples_meth_status_mCG_density_NS_SRX445988.tsv', 'm1001_samples_meth_status_mCG_density_NS_SRX445902.tsv', 'm1001_samples_meth_status_mCG_density_NS_SRX446051.tsv', 'm1001_samples_meth_status_mCG_density_NS_SRX446019.tsv', 'm1001_samples_meth_status_mCG_density_NS_SRX446141.tsv', 'm1001_samples_meth_status_mCG_density_NS_SRX446101.tsv', 'm1001_samples_meth_status_mCG_density_NS_SRX1664556.tsv', 'm1001_samples_meth_status_mCG_density_NS_SRX446017.tsv', 'm1001_samples_meth_status_mCG_density_NS_SRX446021.tsv', 'm1001_samples_meth_status_mCG_density_NS_SRX1664529.tsv', 'm1001_samples_meth_status_mCG_density_NS_SRX2190776.tsv', 'm1001_samples_meth_status_mCG_density_NS_SRX1664528.tsv', 'm1001_samples_meth_status_mCG_density_NS_SRX1664581.tsv', 'm1001_samples_meth_status_mCG_density_NS_SRX2190754.tsv', 'm1001_samples_meth_status_mCG_density_NS_SRX1664725.tsv', 'm1001_samples_meth_status_mCG_density_NS_SRX1664554.tsv', 'm1001_samples_meth_status_mCG_density_NS_SRX1664552.tsv', 'm1001_samples_meth_status_mCG_density_NS_SRX1664563.tsv', 'm1001_samples_meth_status_mCG_density_NS_SRX1664724.tsv', 'm1001_samples_meth_status_mCG_density_NS_SRX1664562.tsv', 'm1001_samples_meth_status_mCG_density_NS_SRX1664557.tsv', 'm1001_samples_meth_status_mCG_density_NS_SRX1664533.tsv', 'm1001_samples_meth_status_mCG_density_NS_SRX1664722.tsv', 'm1001_samples_meth_status_mCG_density_NS_SRX1664564.tsv', 'm1001_samples_meth_status_mCG_density_NS_SRX1664553.tsv', 'm1001_samples_meth_status_mCG_density_NS_SRX1664537.tsv', 'm1001_samples_meth_status_mCG_density_NS_SRX1664551.tsv', 'm1001_samples_meth_status_mCG_density_NS_SRX1664732.tsv', 'm1001_samples_meth_status_mCG_density_NS_SRX445909.tsv', 'm1001_samples_meth_status_mCG_density_NS_SRX445883.tsv', 'm1001_samples_meth_status_mCG_density_NS_SRX1664577.tsv', 'm1001_samples_meth_status_mCG_density_NS_SRX1664520.tsv']
34
